  stdafx.cpp
  triangle.cpp
c:\users\zhouy\source\repos\mc\mc\src\libelas\triangle.cpp(1358): warning C4244: “=”: 从“double”转换到“float”，可能丢失数据
c:\users\zhouy\source\repos\mc\mc\src\libelas\triangle.cpp(1362): warning C4244: “=”: 从“double”转换到“float”，可能丢失数据
c:\users\zhouy\source\repos\mc\mc\src\libelas\triangle.cpp(1264): warning C4101: “k”: 未引用的局部变量
c:\users\zhouy\source\repos\mc\mc\src\libelas\triangle.cpp(1265): warning C4101: “workstring”: 未引用的局部变量
c:\users\zhouy\source\repos\mc\mc\src\libelas\triangle.cpp(1422): warning C4477: “printf”: 格式字符串“%lx”需要类型“unsigned long”的参数，但可变参数 1 拥有了类型“unsigned __int64”
  c:\users\zhouy\source\repos\mc\mc\src\libelas\triangle.cpp(1422): note: 请考虑在格式字符串中使用“%llx”
  c:\users\zhouy\source\repos\mc\mc\src\libelas\triangle.cpp(1422): note: 请考虑在格式字符串中使用“%Ix”
  c:\users\zhouy\source\repos\mc\mc\src\libelas\triangle.cpp(1422): note: 请考虑在格式字符串中使用“%I64x”
c:\users\zhouy\source\repos\mc\mc\src\libelas\triangle.cpp(1428): warning C4477: “printf”: 格式字符串“%lx”需要类型“unsigned long”的参数，但可变参数 1 拥有了类型“unsigned __int64”
  c:\users\zhouy\source\repos\mc\mc\src\libelas\triangle.cpp(1428): note: 请考虑在格式字符串中使用“%llx”
  c:\users\zhouy\source\repos\mc\mc\src\libelas\triangle.cpp(1428): note: 请考虑在格式字符串中使用“%Ix”
  c:\users\zhouy\source\repos\mc\mc\src\libelas\triangle.cpp(1428): note: 请考虑在格式字符串中使用“%I64x”
c:\users\zhouy\source\repos\mc\mc\src\libelas\triangle.cpp(1435): warning C4477: “printf”: 格式字符串“%lx”需要类型“unsigned long”的参数，但可变参数 1 拥有了类型“unsigned __int64”
  c:\users\zhouy\source\repos\mc\mc\src\libelas\triangle.cpp(1435): note: 请考虑在格式字符串中使用“%llx”
  c:\users\zhouy\source\repos\mc\mc\src\libelas\triangle.cpp(1435): note: 请考虑在格式字符串中使用“%Ix”
  c:\users\zhouy\source\repos\mc\mc\src\libelas\triangle.cpp(1435): note: 请考虑在格式字符串中使用“%I64x”
c:\users\zhouy\source\repos\mc\mc\src\libelas\triangle.cpp(1442): warning C4477: “printf”: 格式字符串“%lx”需要类型“unsigned long”的参数，但可变参数 1 拥有了类型“unsigned __int64”
  c:\users\zhouy\source\repos\mc\mc\src\libelas\triangle.cpp(1442): note: 请考虑在格式字符串中使用“%llx”
  c:\users\zhouy\source\repos\mc\mc\src\libelas\triangle.cpp(1442): note: 请考虑在格式字符串中使用“%Ix”
  c:\users\zhouy\source\repos\mc\mc\src\libelas\triangle.cpp(1442): note: 请考虑在格式字符串中使用“%I64x”
c:\users\zhouy\source\repos\mc\mc\src\libelas\triangle.cpp(1450): warning C4477: “printf”: 格式字符串“%lx”需要类型“unsigned long”的参数，但可变参数 2 拥有了类型“unsigned __int64”
  c:\users\zhouy\source\repos\mc\mc\src\libelas\triangle.cpp(1450): note: 请考虑在格式字符串中使用“%llx”
  c:\users\zhouy\source\repos\mc\mc\src\libelas\triangle.cpp(1450): note: 请考虑在格式字符串中使用“%Ix”
  c:\users\zhouy\source\repos\mc\mc\src\libelas\triangle.cpp(1450): note: 请考虑在格式字符串中使用“%I64x”
c:\users\zhouy\source\repos\mc\mc\src\libelas\triangle.cpp(1457): warning C4477: “printf”: 格式字符串“%lx”需要类型“unsigned long”的参数，但可变参数 2 拥有了类型“unsigned __int64”
  c:\users\zhouy\source\repos\mc\mc\src\libelas\triangle.cpp(1457): note: 请考虑在格式字符串中使用“%llx”
  c:\users\zhouy\source\repos\mc\mc\src\libelas\triangle.cpp(1457): note: 请考虑在格式字符串中使用“%Ix”
  c:\users\zhouy\source\repos\mc\mc\src\libelas\triangle.cpp(1457): note: 请考虑在格式字符串中使用“%I64x”
c:\users\zhouy\source\repos\mc\mc\src\libelas\triangle.cpp(1464): warning C4477: “printf”: 格式字符串“%lx”需要类型“unsigned long”的参数，但可变参数 2 拥有了类型“unsigned __int64”
  c:\users\zhouy\source\repos\mc\mc\src\libelas\triangle.cpp(1464): note: 请考虑在格式字符串中使用“%llx”
  c:\users\zhouy\source\repos\mc\mc\src\libelas\triangle.cpp(1464): note: 请考虑在格式字符串中使用“%Ix”
  c:\users\zhouy\source\repos\mc\mc\src\libelas\triangle.cpp(1464): note: 请考虑在格式字符串中使用“%I64x”
c:\users\zhouy\source\repos\mc\mc\src\libelas\triangle.cpp(1471): warning C4477: “printf”: 格式字符串“%lx”需要类型“unsigned long”的参数，但可变参数 1 拥有了类型“unsigned __int64”
  c:\users\zhouy\source\repos\mc\mc\src\libelas\triangle.cpp(1471): note: 请考虑在格式字符串中使用“%llx”
  c:\users\zhouy\source\repos\mc\mc\src\libelas\triangle.cpp(1471): note: 请考虑在格式字符串中使用“%Ix”
  c:\users\zhouy\source\repos\mc\mc\src\libelas\triangle.cpp(1471): note: 请考虑在格式字符串中使用“%I64x”
c:\users\zhouy\source\repos\mc\mc\src\libelas\triangle.cpp(1476): warning C4477: “printf”: 格式字符串“%lx”需要类型“unsigned long”的参数，但可变参数 1 拥有了类型“unsigned __int64”
  c:\users\zhouy\source\repos\mc\mc\src\libelas\triangle.cpp(1476): note: 请考虑在格式字符串中使用“%llx”
  c:\users\zhouy\source\repos\mc\mc\src\libelas\triangle.cpp(1476): note: 请考虑在格式字符串中使用“%Ix”
  c:\users\zhouy\source\repos\mc\mc\src\libelas\triangle.cpp(1476): note: 请考虑在格式字符串中使用“%I64x”
c:\users\zhouy\source\repos\mc\mc\src\libelas\triangle.cpp(1481): warning C4477: “printf”: 格式字符串“%lx”需要类型“unsigned long”的参数，但可变参数 1 拥有了类型“unsigned __int64”
  c:\users\zhouy\source\repos\mc\mc\src\libelas\triangle.cpp(1481): note: 请考虑在格式字符串中使用“%llx”
  c:\users\zhouy\source\repos\mc\mc\src\libelas\triangle.cpp(1481): note: 请考虑在格式字符串中使用“%Ix”
  c:\users\zhouy\source\repos\mc\mc\src\libelas\triangle.cpp(1481): note: 请考虑在格式字符串中使用“%I64x”
c:\users\zhouy\source\repos\mc\mc\src\libelas\triangle.cpp(1508): warning C4477: “printf”: 格式字符串“%lx”需要类型“unsigned long”的参数，但可变参数 1 拥有了类型“unsigned __int64”
  c:\users\zhouy\source\repos\mc\mc\src\libelas\triangle.cpp(1508): note: 请考虑在格式字符串中使用“%llx”
  c:\users\zhouy\source\repos\mc\mc\src\libelas\triangle.cpp(1508): note: 请考虑在格式字符串中使用“%Ix”
  c:\users\zhouy\source\repos\mc\mc\src\libelas\triangle.cpp(1508): note: 请考虑在格式字符串中使用“%I64x”
c:\users\zhouy\source\repos\mc\mc\src\libelas\triangle.cpp(1514): warning C4477: “printf”: 格式字符串“%lx”需要类型“unsigned long”的参数，但可变参数 1 拥有了类型“unsigned __int64”
  c:\users\zhouy\source\repos\mc\mc\src\libelas\triangle.cpp(1514): note: 请考虑在格式字符串中使用“%llx”
  c:\users\zhouy\source\repos\mc\mc\src\libelas\triangle.cpp(1514): note: 请考虑在格式字符串中使用“%Ix”
  c:\users\zhouy\source\repos\mc\mc\src\libelas\triangle.cpp(1514): note: 请考虑在格式字符串中使用“%I64x”
c:\users\zhouy\source\repos\mc\mc\src\libelas\triangle.cpp(1521): warning C4477: “printf”: 格式字符串“%lx”需要类型“unsigned long”的参数，但可变参数 1 拥有了类型“unsigned __int64”
  c:\users\zhouy\source\repos\mc\mc\src\libelas\triangle.cpp(1521): note: 请考虑在格式字符串中使用“%llx”
  c:\users\zhouy\source\repos\mc\mc\src\libelas\triangle.cpp(1521): note: 请考虑在格式字符串中使用“%Ix”
  c:\users\zhouy\source\repos\mc\mc\src\libelas\triangle.cpp(1521): note: 请考虑在格式字符串中使用“%I64x”
c:\users\zhouy\source\repos\mc\mc\src\libelas\triangle.cpp(1529): warning C4477: “printf”: 格式字符串“%lx”需要类型“unsigned long”的参数，但可变参数 2 拥有了类型“unsigned __int64”
  c:\users\zhouy\source\repos\mc\mc\src\libelas\triangle.cpp(1529): note: 请考虑在格式字符串中使用“%llx”
  c:\users\zhouy\source\repos\mc\mc\src\libelas\triangle.cpp(1529): note: 请考虑在格式字符串中使用“%Ix”
  c:\users\zhouy\source\repos\mc\mc\src\libelas\triangle.cpp(1529): note: 请考虑在格式字符串中使用“%I64x”
c:\users\zhouy\source\repos\mc\mc\src\libelas\triangle.cpp(1536): warning C4477: “printf”: 格式字符串“%lx”需要类型“unsigned long”的参数，但可变参数 2 拥有了类型“unsigned __int64”
  c:\users\zhouy\source\repos\mc\mc\src\libelas\triangle.cpp(1536): note: 请考虑在格式字符串中使用“%llx”
  c:\users\zhouy\source\repos\mc\mc\src\libelas\triangle.cpp(1536): note: 请考虑在格式字符串中使用“%Ix”
  c:\users\zhouy\source\repos\mc\mc\src\libelas\triangle.cpp(1536): note: 请考虑在格式字符串中使用“%I64x”
c:\users\zhouy\source\repos\mc\mc\src\libelas\triangle.cpp(1544): warning C4477: “printf”: 格式字符串“%lx”需要类型“unsigned long”的参数，但可变参数 1 拥有了类型“unsigned __int64”
  c:\users\zhouy\source\repos\mc\mc\src\libelas\triangle.cpp(1544): note: 请考虑在格式字符串中使用“%llx”
  c:\users\zhouy\source\repos\mc\mc\src\libelas\triangle.cpp(1544): note: 请考虑在格式字符串中使用“%Ix”
  c:\users\zhouy\source\repos\mc\mc\src\libelas\triangle.cpp(1544): note: 请考虑在格式字符串中使用“%I64x”
c:\users\zhouy\source\repos\mc\mc\src\libelas\triangle.cpp(1551): warning C4477: “printf”: 格式字符串“%lx”需要类型“unsigned long”的参数，但可变参数 1 拥有了类型“unsigned __int64”
  c:\users\zhouy\source\repos\mc\mc\src\libelas\triangle.cpp(1551): note: 请考虑在格式字符串中使用“%llx”
  c:\users\zhouy\source\repos\mc\mc\src\libelas\triangle.cpp(1551): note: 请考虑在格式字符串中使用“%Ix”
  c:\users\zhouy\source\repos\mc\mc\src\libelas\triangle.cpp(1551): note: 请考虑在格式字符串中使用“%I64x”
c:\users\zhouy\source\repos\mc\mc\src\libelas\triangle.cpp(1559): warning C4477: “printf”: 格式字符串“%lx”需要类型“unsigned long”的参数，但可变参数 2 拥有了类型“unsigned __int64”
  c:\users\zhouy\source\repos\mc\mc\src\libelas\triangle.cpp(1559): note: 请考虑在格式字符串中使用“%llx”
  c:\users\zhouy\source\repos\mc\mc\src\libelas\triangle.cpp(1559): note: 请考虑在格式字符串中使用“%Ix”
  c:\users\zhouy\source\repos\mc\mc\src\libelas\triangle.cpp(1559): note: 请考虑在格式字符串中使用“%I64x”
c:\users\zhouy\source\repos\mc\mc\src\libelas\triangle.cpp(1566): warning C4477: “printf”: 格式字符串“%lx”需要类型“unsigned long”的参数，但可变参数 2 拥有了类型“unsigned __int64”
  c:\users\zhouy\source\repos\mc\mc\src\libelas\triangle.cpp(1566): note: 请考虑在格式字符串中使用“%llx”
  c:\users\zhouy\source\repos\mc\mc\src\libelas\triangle.cpp(1566): note: 请考虑在格式字符串中使用“%Ix”
  c:\users\zhouy\source\repos\mc\mc\src\libelas\triangle.cpp(1566): note: 请考虑在格式字符串中使用“%I64x”
c:\users\zhouy\source\repos\mc\mc\src\libelas\triangle.cpp(2434): warning C4244: “=”: 从“double”转换到“float”，可能丢失数据
c:\users\zhouy\source\repos\mc\mc\src\libelas\triangle.cpp(2438): warning C4244: “=”: 从“double”转换到“float”，可能丢失数据
c:\users\zhouy\source\repos\mc\mc\src\libelas\triangle.cpp(2439): warning C4244: “=”: 从“double”转换到“float”，可能丢失数据
c:\users\zhouy\source\repos\mc\mc\src\libelas\triangle.cpp(2440): warning C4244: “=”: 从“double”转换到“float”，可能丢失数据
c:\users\zhouy\source\repos\mc\mc\src\libelas\triangle.cpp(2441): warning C4244: “=”: 从“double”转换到“float”，可能丢失数据
c:\users\zhouy\source\repos\mc\mc\src\libelas\triangle.cpp(2442): warning C4244: “=”: 从“double”转换到“float”，可能丢失数据
c:\users\zhouy\source\repos\mc\mc\src\libelas\triangle.cpp(2443): warning C4244: “=”: 从“double”转换到“float”，可能丢失数据
c:\users\zhouy\source\repos\mc\mc\src\libelas\triangle.cpp(2444): warning C4244: “=”: 从“double”转换到“float”，可能丢失数据
c:\users\zhouy\source\repos\mc\mc\src\libelas\triangle.cpp(2445): warning C4244: “=”: 从“double”转换到“float”，可能丢失数据
c:\users\zhouy\source\repos\mc\mc\src\libelas\triangle.cpp(2446): warning C4244: “=”: 从“double”转换到“float”，可能丢失数据
c:\users\zhouy\source\repos\mc\mc\src\libelas\triangle.cpp(2447): warning C4244: “=”: 从“double”转换到“float”，可能丢失数据
c:\users\zhouy\source\repos\mc\mc\src\libelas\triangle.cpp(2894): warning C4244: “+=”: 从“double”转换到“float”，可能丢失数据
c:\users\zhouy\source\repos\mc\mc\src\libelas\triangle.cpp(2926): warning C4244: “参数”: 从“double”转换到“float”，可能丢失数据
c:\users\zhouy\source\repos\mc\mc\src\libelas\triangle.cpp(2945): warning C4244: “参数”: 从“double”转换到“float”，可能丢失数据
c:\users\zhouy\source\repos\mc\mc\src\libelas\triangle.cpp(2964): warning C4244: “参数”: 从“double”转换到“float”，可能丢失数据
c:\users\zhouy\source\repos\mc\mc\src\libelas\triangle.cpp(2983): warning C4244: “参数”: 从“double”转换到“float”，可能丢失数据
c:\users\zhouy\source\repos\mc\mc\src\libelas\triangle.cpp(3002): warning C4244: “参数”: 从“double”转换到“float”，可能丢失数据
c:\users\zhouy\source\repos\mc\mc\src\libelas\triangle.cpp(3021): warning C4244: “参数”: 从“double”转换到“float”，可能丢失数据
c:\users\zhouy\source\repos\mc\mc\src\libelas\triangle.cpp(3069): warning C4244: “参数”: 从“double”转换到“float”，可能丢失数据
c:\users\zhouy\source\repos\mc\mc\src\libelas\triangle.cpp(3096): warning C4244: “参数”: 从“double”转换到“float”，可能丢失数据
c:\users\zhouy\source\repos\mc\mc\src\libelas\triangle.cpp(3111): warning C4244: “参数”: 从“double”转换到“float”，可能丢失数据
c:\users\zhouy\source\repos\mc\mc\src\libelas\triangle.cpp(3123): warning C4244: “参数”: 从“double”转换到“float”，可能丢失数据
c:\users\zhouy\source\repos\mc\mc\src\libelas\triangle.cpp(3166): warning C4244: “参数”: 从“double”转换到“float”，可能丢失数据
c:\users\zhouy\source\repos\mc\mc\src\libelas\triangle.cpp(3193): warning C4244: “参数”: 从“double”转换到“float”，可能丢失数据
c:\users\zhouy\source\repos\mc\mc\src\libelas\triangle.cpp(3208): warning C4244: “参数”: 从“double”转换到“float”，可能丢失数据
c:\users\zhouy\source\repos\mc\mc\src\libelas\triangle.cpp(3220): warning C4244: “参数”: 从“double”转换到“float”，可能丢失数据
c:\users\zhouy\source\repos\mc\mc\src\libelas\triangle.cpp(3263): warning C4244: “参数”: 从“double”转换到“float”，可能丢失数据
c:\users\zhouy\source\repos\mc\mc\src\libelas\triangle.cpp(3290): warning C4244: “参数”: 从“double”转换到“float”，可能丢失数据
c:\users\zhouy\source\repos\mc\mc\src\libelas\triangle.cpp(3305): warning C4244: “参数”: 从“double”转换到“float”，可能丢失数据
c:\users\zhouy\source\repos\mc\mc\src\libelas\triangle.cpp(3317): warning C4244: “参数”: 从“double”转换到“float”，可能丢失数据
c:\users\zhouy\source\repos\mc\mc\src\libelas\triangle.cpp(3934): warning C4244: “=”: 从“double”转换到“float”，可能丢失数据
c:\users\zhouy\source\repos\mc\mc\src\libelas\triangle.cpp(3939): warning C4244: “=”: 从“double”转换到“float”，可能丢失数据
c:\users\zhouy\source\repos\mc\mc\src\libelas\triangle.cpp(3954): warning C4244: “=”: 从“double”转换到“float”，可能丢失数据
c:\users\zhouy\source\repos\mc\mc\src\libelas\triangle.cpp(3955): warning C4244: “=”: 从“double”转换到“float”，可能丢失数据
c:\users\zhouy\source\repos\mc\mc\src\libelas\triangle.cpp(3965): warning C4244: “=”: 从“double”转换到“float”，可能丢失数据
c:\users\zhouy\source\repos\mc\mc\src\libelas\triangle.cpp(3966): warning C4244: “=”: 从“double”转换到“float”，可能丢失数据
c:\users\zhouy\source\repos\mc\mc\src\libelas\triangle.cpp(3976): warning C4244: “=”: 从“double”转换到“float”，可能丢失数据
c:\users\zhouy\source\repos\mc\mc\src\libelas\triangle.cpp(3978): warning C4244: “=”: 从“double”转换到“float”，可能丢失数据
c:\users\zhouy\source\repos\mc\mc\src\libelas\triangle.cpp(3998): warning C4244: “=”: 从“double”转换到“float”，可能丢失数据
c:\users\zhouy\source\repos\mc\mc\src\libelas\triangle.cpp(3999): warning C4244: “=”: 从“double”转换到“float”，可能丢失数据
c:\users\zhouy\source\repos\mc\mc\src\libelas\triangle.cpp(5209): warning C4244: “=”: 从“double”转换到“float”，可能丢失数据
c:\users\zhouy\source\repos\mc\mc\src\libelas\triangle.cpp(5220): warning C4244: “=”: 从“double”转换到“float”，可能丢失数据
c:\users\zhouy\source\repos\mc\mc\src\libelas\triangle.cpp(7594): warning C4244: “=”: 从“double”转换到“float”，可能丢失数据
c:\users\zhouy\source\repos\mc\mc\src\libelas\triangle.cpp(8216): warning C4305: “=”: 从“double”到“float”截断
c:\users\zhouy\source\repos\mc\mc\src\libelas\triangle.cpp(8217): warning C4305: “=”: 从“double”到“float”截断
c:\users\zhouy\source\repos\mc\mc\src\libelas\triangle.cpp(8219): warning C4244: “=”: 从“double”转换到“float”，可能丢失数据
c:\users\zhouy\source\repos\mc\mc\src\libelas\triangle.cpp(8328): warning C4244: “=”: 从“double”转换到“float”，可能丢失数据
c:\users\zhouy\source\repos\mc\mc\src\libelas\triangle.cpp(8329): warning C4244: “=”: 从“double”转换到“float”，可能丢失数据
c:\users\zhouy\source\repos\mc\mc\src\libelas\triangle.cpp(8330): warning C4244: “=”: 从“double”转换到“float”，可能丢失数据
c:\users\zhouy\source\repos\mc\mc\src\libelas\triangle.cpp(8331): warning C4244: “=”: 从“double”转换到“float”，可能丢失数据
c:\users\zhouy\source\repos\mc\mc\src\libelas\triangle.cpp(8337): warning C4244: “=”: 从“double”转换到“float”，可能丢失数据
c:\users\zhouy\source\repos\mc\mc\src\libelas\triangle.cpp(8343): warning C4244: “=”: 从“double”转换到“float”，可能丢失数据
c:\users\zhouy\source\repos\mc\mc\src\libelas\triangle.cpp(8345): warning C4244: “=”: 从“double”转换到“float”，可能丢失数据
  matrix.cpp
c:\users\zhouy\source\repos\mc\mc\src\libelas\matrix.cpp(139): warning C4267: “参数”: 从“size_t”转换到“const int32_t”，可能丢失数据
  filter.cpp
  elas.cpp
c:\users\zhouy\source\repos\mc\mc\src\libelas\elas.h(38): error C2371: “int8_t”: 重定义；不同的基类型
  d:\program files (x86)\microsoft visual studio\2017\community\vc\tools\msvc\14.12.25827\include\stdint.h(17): note: 参见“int8_t”的声明
c:\users\zhouy\source\repos\mc\mc\src\libelas\elas.h(95): warning C4305: “=”: 从“double”到“float”截断
c:\users\zhouy\source\repos\mc\mc\src\libelas\elas.h(103): warning C4305: “=”: 从“double”到“float”截断
c:\users\zhouy\source\repos\mc\mc\src\libelas\elas.h(122): warning C4305: “=”: 从“double”到“float”截断
c:\users\zhouy\source\repos\mc\mc\src\libelas\elas.h(130): warning C4305: “=”: 从“double”到“float”截断
c:\users\zhouy\source\repos\mc\mc\src\libelas\descriptor.h(39): error C2371: “int8_t”: 重定义；不同的基类型
  d:\program files (x86)\microsoft visual studio\2017\community\vc\tools\msvc\14.12.25827\include\stdint.h(17): note: 参见“int8_t”的声明
c:\users\zhouy\source\repos\mc\mc\src\libelas\elas.cpp(452): warning C4267: “=”: 从“size_t”转换到“int”，可能丢失数据
c:\users\zhouy\source\repos\mc\mc\src\libelas\elas.cpp(457): warning C4244: “=”: 从“int32_t”转换到“float”，可能丢失数据
c:\users\zhouy\source\repos\mc\mc\src\libelas\elas.cpp(458): warning C4244: “=”: 从“int32_t”转换到“float”，可能丢失数据
c:\users\zhouy\source\repos\mc\mc\src\libelas\elas.cpp(462): warning C4244: “=”: 从“int32_t”转换到“float”，可能丢失数据
c:\users\zhouy\source\repos\mc\mc\src\libelas\elas.cpp(463): warning C4244: “=”: 从“int32_t”转换到“float”，可能丢失数据
c:\users\zhouy\source\repos\mc\mc\src\libelas\elas.cpp(538): warning C4244: “=”: 从“FLOAT”转换到“float”，可能丢失数据
c:\users\zhouy\source\repos\mc\mc\src\libelas\elas.cpp(539): warning C4244: “=”: 从“FLOAT”转换到“float”，可能丢失数据
c:\users\zhouy\source\repos\mc\mc\src\libelas\elas.cpp(540): warning C4244: “=”: 从“FLOAT”转换到“float”，可能丢失数据
c:\users\zhouy\source\repos\mc\mc\src\libelas\elas.cpp(566): warning C4244: “=”: 从“FLOAT”转换到“float”，可能丢失数据
c:\users\zhouy\source\repos\mc\mc\src\libelas\elas.cpp(567): warning C4244: “=”: 从“FLOAT”转换到“float”，可能丢失数据
c:\users\zhouy\source\repos\mc\mc\src\libelas\elas.cpp(568): warning C4244: “=”: 从“FLOAT”转换到“float”，可能丢失数据
c:\users\zhouy\source\repos\mc\mc\src\libelas\elas.cpp(603): warning C4244: “=”: 从“float”转换到“int32_t”，可能丢失数据
c:\users\zhouy\source\repos\mc\mc\src\libelas\elas.cpp(605): warning C4244: “=”: 从“float”转换到“int32_t”，可能丢失数据
c:\users\zhouy\source\repos\mc\mc\src\libelas\elas.cpp(606): warning C4244: “初始化”: 从“float”转换到“int32_t”，可能丢失数据
c:\users\zhouy\source\repos\mc\mc\src\libelas\elas.cpp(778): warning C4244: “=”: 从“int32_t”转换到“float”，可能丢失数据
c:\users\zhouy\source\repos\mc\mc\src\libelas\elas.cpp(837): warning C4244: “=”: 从“int32_t”转换到“float”，可能丢失数据
c:\users\zhouy\source\repos\mc\mc\src\libelas\elas.cpp(838): warning C4244: “=”: 从“int32_t”转换到“float”，可能丢失数据
c:\users\zhouy\source\repos\mc\mc\src\libelas\elas.cpp(839): warning C4244: “=”: 从“int32_t”转换到“float”，可能丢失数据
c:\users\zhouy\source\repos\mc\mc\src\libelas\elas.cpp(841): warning C4244: “=”: 从“int32_t”转换到“float”，可能丢失数据
c:\users\zhouy\source\repos\mc\mc\src\libelas\elas.cpp(842): warning C4244: “=”: 从“int32_t”转换到“float”，可能丢失数据
c:\users\zhouy\source\repos\mc\mc\src\libelas\elas.cpp(843): warning C4244: “=”: 从“int32_t”转换到“float”，可能丢失数据
c:\users\zhouy\source\repos\mc\mc\src\libelas\elas.cpp(845): warning C4838: 从“int32_t”转换到“float”需要收缩转换
c:\users\zhouy\source\repos\mc\mc\src\libelas\elas.cpp(845): warning C4244: “初始化”: 从“int32_t”转换到“float”，可能丢失数据
c:\users\zhouy\source\repos\mc\mc\src\libelas\elas.cpp(990): warning C4244: “=”: 从“float”转换到“int32_t”，可能丢失数据
c:\users\zhouy\source\repos\mc\mc\src\libelas\elas.cpp(1320): warning C4305: “参数”: 从“int”到“float”截断
  descriptor.cpp
c:\users\zhouy\source\repos\mc\mc\src\libelas\descriptor.h(39): error C2371: “int8_t”: 重定义；不同的基类型
  d:\program files (x86)\microsoft visual studio\2017\community\vc\tools\msvc\14.12.25827\include\stdint.h(17): note: 参见“int8_t”的声明
c:\users\zhouy\source\repos\mc\mc\src\libelas\filter.h(32): error C2371: “int8_t”: 重定义；不同的基类型
  d:\program files (x86)\microsoft visual studio\2017\community\vc\tools\msvc\14.12.25827\include\stdint.h(17): note: 参见“int8_t”的声明
  MC.cpp
  正在生成代码...
c:\users\zhouy\source\repos\mc\mc\src\libelas\matrix.cpp(412): warning C4715: “Matrix::det”: 不是所有的控件路径都返回值
